SF:lib/src/builder.dart
DA:18,0
DA:24,0
DA:26,0
DA:28,0
DA:33,0
DA:35,0
DA:36,0
DA:37,0
DA:41,0
DA:43,0
DA:44,0
DA:45,0
DA:48,0
DA:50,0
DA:51,0
DA:54,0
DA:55,0
DA:58,0
DA:60,0
DA:61,0
DA:62,0
DA:63,0
DA:64,0
DA:66,0
LF:24
LH:0
end_of_record
SF:lib/src/controller.dart
DA:14,1
DA:27,1
DA:28,1
DA:29,2
DA:30,5
DA:31,0
DA:32,0
DA:33,0
DA:34,0
DA:35,0
DA:36,0
DA:41,1
DA:42,1
DA:43,1
DA:46,1
DA:47,1
DA:48,1
DA:49,1
DA:52,0
DA:53,0
DA:54,0
DA:57,0
DA:58,0
DA:59,0
DA:60,0
DA:63,0
DA:64,0
DA:65,0
DA:66,0
DA:69,1
DA:70,1
DA:71,1
DA:72,1
LF:33
LH:16
end_of_record
SF:lib/src/snapshot.dart
DA:11,0
LF:1
LH:0
end_of_record
SF:lib/src/status.dart
DA:1,4
LF:1
LH:1
end_of_record
SF:lib/src/data_loader.dart
DA:12,0
DA:18,0
DA:24,0
DA:34,0
DA:44,0
DA:45,0
DA:50,4
DA:52,0
DA:54,0
DA:56,0
DA:57,0
DA:58,0
DA:61,0
DA:63,0
DA:64,0
DA:65,0
DA:66,0
DA:67,0
DA:68,0
DA:70,0
DA:71,0
DA:72,0
DA:74,0
DA:76,0
DA:78,0
DA:79,0
DA:80,0
DA:81,0
DA:84,0
LF:29
LH:1
end_of_record
